#
# A fatal error has been detected by the Java Runtime Environment:
#
#  EXCEPTION_ACCESS_VIOLATION (0xc0000005) at pc=0x0000000065009ccd, pid=3100, tid=0x00000000000017d8
#
# JRE version: OpenJDK Runtime Environment (8.0_152-b01) (build 1.8.0_152-release-915-b01)
# Java VM: OpenJDK 64-Bit Server VM (25.152-b01 mixed mode windows-amd64 compressed oops)
# Problematic frame:
# V  [jvm.dll+0x4d9ccd]
#
# Failed to write core dump. Minidumps are not enabled by default on client versions of Windows
#
# If you would like to submit a bug report, please visit:
#   http://bugreport.java.com/bugreport/crash.jsp
#

---------------  T H R E A D  ---------------

Current thread (0x0000000054fce000):  JavaThread "C2 CompilerThread1" daemon [_thread_in_native, id=6104, stack(0x0000000056880000,0x0000000056980000)]

siginfo: ExceptionCode=0xc0000005, reading address 0x0000000256999d50

Registers:
RAX=0x00000000689f1af0, RBX=0x0000000000003201, RCX=0x0000000256999d50, RDX=0x000000005697e8d8
RSP=0x000000005697b8b0, RBP=0x000000005697b929, RSI=0x000000005697c530, RDI=0x0000000000019008
R8 =0x0000000065168448, R9 =0x0000000000000000, R10=0x000000005d2dfbe0, R11=0x0000000065168448
R12=0x0000000056999e10, R13=0x0000000000000004, R14=0x000000000000200d, R15=0x0000000058521918
RIP=0x0000000065009ccd, EFLAGS=0x0000000000010206

Top of Stack: (sp=0x000000005697b8b0)
0x000000005697b8b0:   000000000000315f 000000005697c530
0x000000005697b8c0:   0000000000000000 000000007fffffff
0x000000005697b8d0:   000000005697c530 0000000064f6d076
0x000000005697b8e0:   000000005697b929 0000000058a53380
0x000000005697b8f0:   000000005697e670 000000006112d8e8
0x000000005697b900:   0000000054fc61c0 0000000000004000
0x000000005697b910:   0000000058b20f40 000000000000200d
0x000000005697b920:   0000000065166d48 0000000054fc61c0
0x000000005697b930:   0000000000000400 000000005851ad50
0x000000005697b940:   0000000000000000 000000006500a9da
0x000000005697b950:   0000000058521918 000000005697e670
0x000000005697b960:   0000000058519930 000000005697e670
0x000000005697b970:   000000005851a0c0 0000000054fc61c0
0x000000005697b980:   000000005697ba90 0000000064f6ffd7
0x000000005697b990:   0000000000050248 000000005697c530
0x000000005697b9a0:   0000000000000004 000000005697e670 

Instructions: (pc=0x0000000065009ccd)
0x0000000065009cad:   30 4c 89 64 24 40 8b fb 66 66 66 0f 1f 84 00 00
0x0000000065009cbd:   00 00 00 48 8b 46 50 48 8b 0c 07 48 85 c9 74 21
0x0000000065009ccd:   48 8b 01 ff 50 68 4c 8b e0 3b 5e 48 72 0b 48 8d
0x0000000065009cdd:   4e 40 8b d3 e8 2a e8 ff ff 48 8b 4e 50 4c 89 24 


Register to memory mapping:

RAX=0x00000000689f1af0 is an unknown value
RBX=0x0000000000003201 is an unknown value
RCX=0x0000000256999d50 is an unknown value
RDX=0x000000005697e8d8 is pointing into the stack for thread: 0x0000000054fce000
RSP=0x000000005697b8b0 is pointing into the stack for thread: 0x0000000054fce000
RBP=0x000000005697b929 is pointing into the stack for thread: 0x0000000054fce000
RSI=0x000000005697c530 is pointing into the stack for thread: 0x0000000054fce000
RDI=0x0000000000019008 is an unknown value
R8 =0x0000000065168448 is an unknown value
R9 =0x0000000000000000 is an unknown value
R10=0x000000005d2dfbe0 is an unknown value
R11=0x0000000065168448 is an unknown value
R12=0x0000000056999e10 is an unknown value
R13=0x0000000000000004 is an unknown value
R14=0x000000000000200d is an unknown value
R15=0x0000000058521918 is an unknown value


Stack: [0x0000000056880000,0x0000000056980000],  sp=0x000000005697b8b0,  free space=1006k
Native frames: (J=compiled Java code, j=interpreted, Vv=VM code, C=native code)
V  [jvm.dll+0x4d9ccd]
V  [jvm.dll+0x43d076]
V  [jvm.dll+0x43ffd7]
V  [jvm.dll+0x4419d2]
V  [jvm.dll+0x424b32]
V  [jvm.dll+0x80fa9]
V  [jvm.dll+0x818df]
V  [jvm.dll+0x21d06f]
V  [jvm.dll+0x26d4aa]
C  [msvcr100.dll+0x21d9f]
C  [msvcr100.dll+0x21e3b]
C  [kernel32.dll+0x1652d]
C  [ntdll.dll+0x2c521]


Current CompileTask:
C2:4563811 27074       4       com.android.ide.common.res2.ResourceMerger::buildCache (421 bytes)


---------------  P R O C E S S  ---------------

Java Threads: ( => current thread )
  0x000000005e8d2800 JavaThread "Worker Daemon Execution Thread 5" [_thread_blocked, id=3928, stack(0x0000000066300000,0x0000000066400000)]
  0x000000005e8d1000 JavaThread "Worker Daemon Execution Thread 4" [_thread_blocked, id=6092, stack(0x0000000065c30000,0x0000000065d30000)]
  0x000000005b889800 JavaThread "Worker Daemon Execution Thread 3" [_thread_blocked, id=6880, stack(0x00000000630c0000,0x00000000631c0000)]
  0x000000005b886800 JavaThread "Worker Daemon Execution Thread 2" [_thread_in_native, id=2700, stack(0x00000000658a0000,0x00000000659a0000)]
  0x000000005b88a800 JavaThread "Worker Daemon Execution" [_thread_blocked, id=6964, stack(0x00000000649f0000,0x0000000064af0000)]
  0x000000005b886000 JavaThread "Task worker for ':' Thread 3" [_thread_blocked, id=184, stack(0x0000000065720000,0x0000000065820000)]
  0x000000005b889000 JavaThread "Task worker for ':' Thread 2" [_thread_blocked, id=4304, stack(0x0000000064220000,0x0000000064320000)]
  0x000000005b88c000 JavaThread "Task worker for ':'" [_thread_in_Java, id=3112, stack(0x000000005a590000,0x000000005a690000)]
  0x000000005b88b000 JavaThread "Cache worker for task history cache (E:\Latest App\T-Cash\T-Cash-Sample-App-master\.gradle\4.1\taskHistory)" [_thread_blocked, id=5512, stack(0x000000005f6b0000,0x000000005f7b0000)]
  0x000000005b885000 JavaThread "Cache worker for file content cache (E:\Latest App\T-Cash\T-Cash-Sample-App-master\.gradle\4.1\fileContent)" [_thread_blocked, id=1924, stack(0x0000000063900000,0x0000000063a00000)]
  0x000000005b887800 JavaThread "build operations Thread 4" [_thread_blocked, id=6364, stack(0x0000000062ae0000,0x0000000062be0000)]
  0x0000000059813800 JavaThread "build operations Thread 3" [_thread_blocked, id=6584, stack(0x0000000060240000,0x0000000060340000)]
  0x000000005981a800 JavaThread "build operations Thread 2" [_thread_blocked, id=2192, stack(0x00000000627d0000,0x00000000628d0000)]
  0x000000005981b000 JavaThread "build operations" [_thread_blocked, id=724, stack(0x000000005db50000,0x000000005dc50000)]
  0x0000000059812000 JavaThread "Cache worker for Artifact transforms cache (C:\Users\Tarikul\.gradle\caches\transforms-1)" [_thread_blocked, id=3840, stack(0x000000005f590000,0x000000005f690000)]
  0x0000000059819800 JavaThread "Cache worker for file hash cache (E:\Latest App\T-Cash\T-Cash-Sample-App-master\.gradle\4.1\fileHashes)" [_thread_blocked, id=6292, stack(0x000000005af50000,0x000000005b050000)]
  0x000000005981c800 JavaThread "Stdin handler" [_thread_blocked, id=5820, stack(0x000000005f2b0000,0x000000005f3b0000)]
  0x0000000059818000 JavaThread "Asynchronous log dispatcher for DefaultDaemonConnection: socket connection from /127.0.0.1:1257 to /127.0.0.1:2612" [_thread_blocked, id=1668, stack(0x000000005a960000,0x000000005aa60000)]
  0x000000005980f000 JavaThread "Cancel handler" [_thread_blocked, id=5880, stack(0x000000005a820000,0x000000005a920000)]
  0x0000000059814800 JavaThread "Handler for socket connection from /127.0.0.1:1257 to /127.0.0.1:2612" [_thread_in_native, id=5868, stack(0x000000005a6a0000,0x000000005a7a0000)]
  0x000000005981c000 JavaThread "Daemon worker Thread 12" [_thread_blocked, id=2768, stack(0x000000005f3d0000,0x000000005f4d0000)]
  0x0000000059816800 JavaThread "Daemon Thread 12" [_thread_blocked, id=2124, stack(0x000000005a180000,0x000000005a280000)]
  0x000000005e8d3800 JavaThread "Java2D Disposer" daemon [_thread_blocked, id=1800, stack(0x0000000065420000,0x0000000065520000)]
  0x0000000059817800 JavaThread "Memory manager" [_thread_blocked, id=5532, stack(0x000000005feb0000,0x000000005ffb0000)]
  0x0000000058294000 JavaThread "File lock request listener" [_thread_in_native, id=4420, stack(0x000000005ac30000,0x000000005ad30000)]
  0x000000005835a800 JavaThread "Cache worker for file hash cache (C:\Users\Tarikul\.gradle\caches\4.1\fileHashes)" [_thread_blocked, id=6004, stack(0x000000005aab0000,0x000000005abb0000)]
  0x0000000058417000 JavaThread "Daemon periodic checks" [_thread_blocked, id=1980, stack(0x0000000059e30000,0x0000000059f30000)]
  0x0000000057bbc800 JavaThread "Incoming local TCP Connector on port 1257" [_thread_in_native, id=5824, stack(0x0000000059cf0000,0x0000000059df0000)]
  0x00000000569e3000 JavaThread "Service Thread" daemon [_thread_blocked, id=5516, stack(0x0000000056fe0000,0x00000000570e0000)]
  0x0000000054fcf000 JavaThread "C1 CompilerThread2" daemon [_thread_blocked, id=3080, stack(0x0000000056ea0000,0x0000000056fa0000)]
=>0x0000000054fce000 JavaThread "C2 CompilerThread1" daemon [_thread_in_native, id=6104, stack(0x0000000056880000,0x0000000056980000)]
  0x0000000054fc5800 JavaThread "C2 CompilerThread0" daemon [_thread_in_native_trans, id=5408, stack(0x00000000566f0000,0x00000000567f0000)]
  0x0000000054fc1800 JavaThread "Attach Listener" daemon [_thread_blocked, id=5412, stack(0x0000000056580000,0x0000000056680000)]
  0x0000000054fc0000 JavaThread "Signal Dispatcher" daemon [_thread_blocked, id=1728, stack(0x0000000056370000,0x0000000056470000)]
  0x0000000054fa8000 JavaThread "Finalizer" daemon [_thread_blocked, id=4920, stack(0x00000000561a0000,0x00000000562a0000)]
  0x0000000054f61000 JavaThread "Reference Handler" daemon [_thread_blocked, id=4936, stack(0x0000000056050000,0x0000000056150000)]
  0x000000000224e800 JavaThread "main" [_thread_blocked, id=2336, stack(0x0000000002280000,0x0000000002380000)]

Other Threads:
  0x0000000054f59800 VMThread [stack: 0x0000000055ec0000,0x0000000055fc0000] [id=3476]
  0x00000000569e4000 WatcherThread [stack: 0x0000000057120000,0x0000000057220000] [id=5328]

VM state:not at safepoint (normal execution)

VM Mutex/Monitor currently owned by a thread: None

Heap:
 PSYoungGen      total 315392K, used 240758K [0x00000000eab00000, 0x0000000100000000, 0x0000000100000000)
  eden space 295936K, 74% used [0x00000000eab00000,0x00000000f832dac8,0x00000000fcc00000)
  from space 19456K, 99% used [0x00000000fcc00000,0x00000000fdef0060,0x00000000fdf00000)
  to   space 27648K, 0% used [0x00000000fe500000,0x00000000fe500000,0x0000000100000000)
 ParOldGen       total 186880K, used 61690K [0x00000000c0000000, 0x00000000cb680000, 0x00000000eab00000)
  object space 186880K, 33% used [0x00000000c0000000,0x00000000c3c3e880,0x00000000cb680000)
 Metaspace       used 93321K, capacity 101348K, committed 101504K, reserved 1136640K
  class space    used 11652K, capacity 13419K, committed 13440K, reserved 1048576K

Card table byte_map: [0x0000000011a10000,0x0000000011c20000] byte_map_base: 0x0000000011410000

Marking Bits: (ParMarkBitMap*) 0x00000000652f3950
 Begin Bits: [0x00000000123d0000, 0x00000000133d0000)
 End Bits:   [0x00000000133d0000, 0x00000000143d0000)

Polling page: 0x0000000000150000

CodeCache: size=245760Kb used=73899Kb max_used=73904Kb free=171860Kb
 bounds [0x0000000002650000, 0x0000000006f00000, 0x0000000011650000]
 total_blobs=21556 nmethods=20569 adapters=898
 compilation: enabled

Compilation events (10 events):
Event: 4563.468 Thread 0x0000000054fcf000 27087       3       org.gradle.workers.internal.DefaultWorkResult::<init> (15 bytes)
Event: 4563.468 Thread 0x0000000054fcf000 nmethod 27087 0x0000000006ecd790 code [0x0000000006ecd8e0, 0x0000000006ecdab0]
Event: 4563.468 Thread 0x0000000054fcf000 27088       3       org.gradle.internal.work.DefaultWorkerLeaseService$DefaultWorkerLease::leaseFinish (25 bytes)
Event: 4563.469 Thread 0x0000000054fcf000 nmethod 27088 0x0000000006ed3b90 code [0x0000000006ed3d60, 0x0000000006ed4588]
Event: 4563.469 Thread 0x0000000054fcf000 27089       3       com.google.common.util.concurrent.ListenableFutureTask::done (8 bytes)
Event: 4563.469 Thread 0x0000000054fcf000 nmethod 27089 0x0000000006ed4a90 code [0x0000000006ed4c00, 0x0000000006ed4e08]
Event: 4563.497 Thread 0x0000000054fcf000 27090       3       java.awt.geom.Path2D$Double::needRoom (72 bytes)
Event: 4563.499 Thread 0x0000000054fcf000 nmethod 27090 0x0000000006ed4ed0 code [0x0000000006ed5060, 0x0000000006ed53e8]
Event: 4563.499 Thread 0x0000000054fcf000 27091       3       sun.java2d.SunGraphics2D::validateBasicStroke (332 bytes)
Event: 4563.501 Thread 0x0000000054fcf000 nmethod 27091 0x0000000006ed5550 code [0x0000000006ed5860, 0x0000000006ed6c08]

GC Heap History (10 events):
Event: 3621.577 GC heap before
{Heap before GC invocations=39 (full 4):
 PSYoungGen      total 280064K, used 8992K [0x00000000eab00000, 0x00000000fe000000, 0x0000000100000000)
  eden space 256000K, 0% used [0x00000000eab00000,0x00000000eab00000,0x00000000fa500000)
  from space 24064K, 37% used [0x00000000fa500000,0x00000000fadc8370,0x00000000fbc80000)
  to   space 22528K, 0% used [0x00000000fca00000,0x00000000fca00000,0x00000000fe000000)
 ParOldGen       total 155136K, used 97375K [0x00000000c0000000, 0x00000000c9780000, 0x00000000eab00000)
  object space 155136K, 62% used [0x00000000c0000000,0x00000000c5f17d90,0x00000000c9780000)
 Metaspace       used 91766K, capacity 98304K, committed 98348K, reserved 1134592K
  class space    used 11451K, capacity 12916K, committed 12928K, reserved 1048576K
Event: 3622.075 GC heap after
Heap after GC invocations=39 (full 4):
 PSYoungGen      total 280064K, used 0K [0x00000000eab00000, 0x00000000fe000000, 0x0000000100000000)
  eden space 256000K, 0% used [0x00000000eab00000,0x00000000eab00000,0x00000000fa500000)
  from space 24064K, 0% used [0x00000000fa500000,0x00000000fa500000,0x00000000fbc80000)
  to   space 22528K, 0% used [0x00000000fca00000,0x00000000fca00000,0x00000000fe000000)
 ParOldGen       total 186880K, used 57297K [0x00000000c0000000, 0x00000000cb680000, 0x00000000eab00000)
  object space 186880K, 30% used [0x00000000c0000000,0x00000000c37f46c8,0x00000000cb680000)
 Metaspace       used 90074K, capacity 95680K, committed 98348K, reserved 1134592K
  class space    used 11076K, capacity 12324K, committed 12928K, reserved 1048576K
}
Event: 3623.687 GC heap before
{Heap before GC invocations=40 (full 4):
 PSYoungGen      total 280064K, used 255680K [0x00000000eab00000, 0x00000000fe000000, 0x0000000100000000)
  eden space 256000K, 99% used [0x00000000eab00000,0x00000000fa4b0340,0x00000000fa500000)
  from space 24064K, 0% used [0x00000000fa500000,0x00000000fa500000,0x00000000fbc80000)
  to   space 22528K, 0% used [0x00000000fca00000,0x00000000fca00000,0x00000000fe000000)
 ParOldGen       total 186880K, used 57297K [0x00000000c0000000, 0x00000000cb680000, 0x00000000eab00000)
  object space 186880K, 30% used [0x00000000c0000000,0x00000000c37f46c8,0x00000000cb680000)
 Metaspace       used 90122K, capacity 95790K, committed 98348K, reserved 1134592K
  class space    used 11080K, capacity 12331K, committed 12928K, reserved 1048576K
Event: 3623.698 GC heap after
Heap after GC invocations=40 (full 4):
 PSYoungGen      total 294400K, used 3266K [0x00000000eab00000, 0x00000000fef00000, 0x0000000100000000)
  eden space 271872K, 0% used [0x00000000eab00000,0x00000000eab00000,0x00000000fb480000)
  from space 22528K, 14% used [0x00000000fca00000,0x00000000fcd30ae8,0x00000000fe000000)
  to   space 22016K, 0% used [0x00000000fb480000,0x00000000fb480000,0x00000000fca00000)
 ParOldGen       total 186880K, used 57305K [0x00000000c0000000, 0x00000000cb680000, 0x00000000eab00000)
  object space 186880K, 30% used [0x00000000c0000000,0x00000000c37f66c8,0x00000000cb680000)
 Metaspace       used 90122K, capacity 95790K, committed 98348K, reserved 1134592K
  class space    used 11080K, capacity 12331K, committed 12928K, reserved 1048576K
}
Event: 4381.665 GC heap before
{Heap before GC invocations=41 (full 4):
 PSYoungGen      total 294400K, used 275138K [0x00000000eab00000, 0x00000000fef00000, 0x0000000100000000)
  eden space 271872K, 100% used [0x00000000eab00000,0x00000000fb480000,0x00000000fb480000)
  from space 22528K, 14% used [0x00000000fca00000,0x00000000fcd30ae8,0x00000000fe000000)
  to   space 22016K, 0% used [0x00000000fb480000,0x00000000fb480000,0x00000000fca00000)
 ParOldGen       total 186880K, used 57305K [0x00000000c0000000, 0x00000000cb680000, 0x00000000eab00000)
  object space 186880K, 30% used [0x00000000c0000000,0x00000000c37f66c8,0x00000000cb680000)
 Metaspace       used 90942K, capacity 96980K, committed 98988K, reserved 1134592K
  class space    used 11223K, capacity 12594K, committed 13056K, reserved 1048576K
Event: 4381.689 GC heap after
Heap after GC invocations=41 (full 4):
 PSYoungGen      total 293888K, used 7356K [0x00000000eab00000, 0x00000000ffa00000, 0x0000000100000000)
  eden space 271872K, 0% used [0x00000000eab00000,0x00000000eab00000,0x00000000fb480000)
  from space 22016K, 33% used [0x00000000fb480000,0x00000000fbbaf110,0x00000000fca00000)
  to   space 20992K, 0% used [0x00000000fe580000,0x00000000fe580000,0x00000000ffa00000)
 ParOldGen       total 186880K, used 57305K [0x00000000c0000000, 0x00000000cb680000, 0x00000000eab00000)
  object space 186880K, 30% used [0x00000000c0000000,0x00000000c37f66c8,0x00000000cb680000)
 Metaspace       used 90942K, capacity 96980K, committed 98988K, reserved 1134592K
  class space    used 11223K, capacity 12594K, committed 13056K, reserved 1048576K
}
Event: 4392.787 GC heap before
{Heap before GC invocations=42 (full 4):
 PSYoungGen      total 293888K, used 279228K [0x00000000eab00000, 0x00000000ffa00000, 0x0000000100000000)
  eden space 271872K, 100% used [0x00000000eab00000,0x00000000fb480000,0x00000000fb480000)
  from space 22016K, 33% used [0x00000000fb480000,0x00000000fbbaf110,0x00000000fca00000)
  to   space 20992K, 0% used [0x00000000fe580000,0x00000000fe580000,0x00000000ffa00000)
 ParOldGen       total 186880K, used 57305K [0x00000000c0000000, 0x00000000cb680000, 0x00000000eab00000)
  object space 186880K, 30% used [0x00000000c0000000,0x00000000c37f66c8,0x00000000cb680000)
 Metaspace       used 92139K, capacity 98850K, committed 99456K, reserved 1136640K
  class space    used 11458K, capacity 12998K, committed 13184K, reserved 1048576K
Event: 4392.869 GC heap after
Heap after GC invocations=42 (full 4):
 PSYoungGen      total 316928K, used 20981K [0x00000000eab00000, 0x0000000100000000, 0x0000000100000000)
  eden space 295936K, 0% used [0x00000000eab00000,0x00000000eab00000,0x00000000fcc00000)
  from space 20992K, 99% used [0x00000000fe580000,0x00000000ff9fd6f0,0x00000000ffa00000)
  to   space 26112K, 0% used [0x00000000fcc00000,0x00000000fcc00000,0x00000000fe580000)
 ParOldGen       total 186880K, used 61682K [0x00000000c0000000, 0x00000000cb680000, 0x00000000eab00000)
  object space 186880K, 33% used [0x00000000c0000000,0x00000000c3c3c880,0x00000000cb680000)
 Metaspace       used 92139K, capacity 98850K, committed 99456K, reserved 1136640K
  class space    used 11458K, capacity 12998K, committed 13184K, reserved 1048576K
}
Event: 4502.896 GC heap before
{Heap before GC invocations=43 (full 4):
 PSYoungGen      total 316928K, used 316917K [0x00000000eab00000, 0x0000000100000000, 0x0000000100000000)
  eden space 295936K, 100% used [0x00000000eab00000,0x00000000fcc00000,0x00000000fcc00000)
  from space 20992K, 99% used [0x00000000fe580000,0x00000000ff9fd6f0,0x00000000ffa00000)
  to   space 26112K, 0% used [0x00000000fcc00000,0x00000000fcc00000,0x00000000fe580000)
 ParOldGen       total 186880K, used 61682K [0x00000000c0000000, 0x00000000cb680000, 0x00000000eab00000)
  object space 186880K, 33% used [0x00000000c0000000,0x00000000c3c3c880,0x00000000cb680000)
 Metaspace       used 92663K, capacity 100160K, committed 100352K, reserved 1136640K
  class space    used 11567K, capacity 13231K, committed 13312K, reserved 1048576K
Event: 4502.978 GC heap after
Heap after GC invocations=43 (full 4):
 PSYoungGen      total 315392K, used 19392K [0x00000000eab00000, 0x0000000100000000, 0x0000000100000000)
  eden space 295936K, 0% used [0x00000000eab00000,0x00000000eab00000,0x00000000fcc00000)
  from space 19456K, 99% used [0x00000000fcc00000,0x00000000fdef0060,0x00000000fdf00000)
  to   space 27648K, 0% used [0x00000000fe500000,0x00000000fe500000,0x0000000100000000)
 ParOldGen       total 186880K, used 61690K [0x00000000c0000000, 0x00000000cb680000, 0x00000000eab00000)
  object space 186880K, 33% used [0x00000000c0000000,0x00000000c3c3e880,0x00000000cb680000)
 Metaspace       used 92663K, capacity 100160K, committed 100352K, reserved 1136640K
  class space    used 11567K, capacity 13231K, committed 13312K, reserved 1048576K
}

Deoptimization events (10 events):
Event: 4395.223 Thread 0x0000000059816800 Uncommon trap: reason=class_check action=maybe_recompile pc=0x00000000041ca994 method=java.io.ObjectOutputStream.writeObject0(Ljava/lang/Object;Z)V @ 240
Event: 4395.225 Thread 0x0000000059816800 Uncommon trap: reason=class_check action=maybe_recompile pc=0x00000000041ca994 method=java.io.ObjectOutputStream.writeObject0(Ljava/lang/Object;Z)V @ 240
Event: 4395.225 Thread 0x0000000059816800 Uncommon trap: reason=bimorphic action=maybe_recompile pc=0x000000000492cd18 method=java.io.ObjectOutputStream.writeNonProxyDesc(Ljava/io/ObjectStreamClass;Z)V @ 44
Event: 4395.226 Thread 0x0000000059816800 Uncommon trap: reason=bimorphic action=maybe_recompile pc=0x000000000492cd18 method=java.io.ObjectOutputStream.writeNonProxyDesc(Ljava/io/ObjectStreamClass;Z)V @ 44
Event: 4395.226 Thread 0x0000000059816800 Uncommon trap: reason=bimorphic action=maybe_recompile pc=0x000000000492cd18 method=java.io.ObjectOutputStream.writeNonProxyDesc(Ljava/io/ObjectStreamClass;Z)V @ 44
Event: 4395.226 Thread 0x0000000059816800 Uncommon trap: reason=bimorphic action=maybe_recompile pc=0x000000000492cd18 method=java.io.ObjectOutputStream.writeNonProxyDesc(Ljava/io/ObjectStreamClass;Z)V @ 44
Event: 4395.227 Thread 0x0000000059816800 Uncommon trap: reason=class_check action=maybe_recompile pc=0x00000000041ca994 method=java.io.ObjectOutputStream.writeObject0(Ljava/lang/Object;Z)V @ 240
Event: 4395.228 Thread 0x0000000059816800 Uncommon trap: reason=class_check action=maybe_recompile pc=0x00000000041ca994 method=java.io.ObjectOutputStream.writeObject0(Ljava/lang/Object;Z)V @ 240
Event: 4503.383 Thread 0x000000005981c000 Uncommon trap: reason=unloaded action=reinterpret pc=0x0000000006362564 method=org.gradle.cache.internal.DefaultFileLockManager$DefaultFileLock.doWriteAction(Ljava/lang/Runnable;)V @ 61
Event: 4503.383 Thread 0x000000005981c000 Uncommon trap: reason=unloaded action=reinterpret pc=0x0000000006362564 method=org.gradle.cache.internal.DefaultFileLockManager$DefaultFileLock.doWriteAction(Ljava/lang/Runnable;)V @ 61

Classes redefined (0 events):
No events

Internal exceptions (10 events):
Event: 4559.368 Thread 0x000000005981c000 Exception <a 'sun/nio/fs/WindowsException'> (0x00000000ef81b9a0) thrown at [D:\src\AOSP-openjdk-cygwin\jdk8u\hotspot\src\share\vm\prims\jni.cpp, line 709]
Event: 4559.368 Thread 0x000000005981c000 Exception <a 'sun/nio/fs/WindowsException'> (0x00000000ef81c650) thrown at [D:\src\AOSP-openjdk-cygwin\jdk8u\hotspot\src\share\vm\prims\jni.cpp, line 709]
Event: 4559.368 Thread 0x000000005981c000 Exception <a 'sun/nio/fs/WindowsException'> (0x00000000ef81f060) thrown at [D:\src\AOSP-openjdk-cygwin\jdk8u\hotspot\src\share\vm\prims\jni.cpp, line 709]
Event: 4559.368 Thread 0x000000005981c000 Exception <a 'sun/nio/fs/WindowsException'> (0x00000000ef81fd50) thrown at [D:\src\AOSP-openjdk-cygwin\jdk8u\hotspot\src\share\vm\prims\jni.cpp, line 709]
Event: 4559.368 Thread 0x000000005981c000 Exception <a 'sun/nio/fs/WindowsException'> (0x00000000ef821e58) thrown at [D:\src\AOSP-openjdk-cygwin\jdk8u\hotspot\src\share\vm\prims\jni.cpp, line 709]
Event: 4559.368 Thread 0x000000005981c000 Exception <a 'sun/nio/fs/WindowsException'> (0x00000000ef822b80) thrown at [D:\src\AOSP-openjdk-cygwin\jdk8u\hotspot\src\share\vm\prims\jni.cpp, line 709]
Event: 4563.140 Thread 0x000000005b88c000 Exception <a 'sun/nio/fs/WindowsException'> (0x00000000f0d26160) thrown at [D:\src\AOSP-openjdk-cygwin\jdk8u\hotspot\src\share\vm\prims\jni.cpp, line 709]
Event: 4563.140 Thread 0x000000005b88c000 Exception <a 'sun/nio/fs/WindowsException'> (0x00000000f0d268f0) thrown at [D:\src\AOSP-openjdk-cygwin\jdk8u\hotspot\src\share\vm\prims\jni.cpp, line 709]
Event: 4563.140 Thread 0x000000005b88c000 Exception <a 'sun/nio/fs/WindowsException'> (0x00000000f0d278a0) thrown at [D:\src\AOSP-openjdk-cygwin\jdk8u\hotspot\src\share\vm\prims\jni.cpp, line 709]
Event: 4563.140 Thread 0x000000005b88c000 Exception <a 'sun/nio/fs/WindowsException'> (0x00000000f0d28028) thrown at [D:\src\AOSP-openjdk-cygwin\jdk8u\hotspot\src\share\vm\prims\jni.cpp, line 709]

Events (10 events):
Event: 4563.100 Executing VM operation: RevokeBias done
Event: 4563.419 Thread 0x000000005b88a800 Thread added: 0x000000005b88a800
Event: 4563.421 Thread 0x000000005b88c000 DEOPT PACKING pc=0x00000000046fa6c7 sp=0x000000005a68cdb0
Event: 4563.421 Thread 0x000000005b88c000 DEOPT UNPACKING pc=0x00000000026975bf sp=0x000000005a68cad0 mode 0
Event: 4563.439 Thread 0x000000005b886800 Thread added: 0x000000005b886800
Event: 4563.442 Thread 0x000000005b889800 Thread added: 0x000000005b889800
Event: 4563.445 Thread 0x000000005e8d1000 Thread added: 0x000000005e8d1000
Event: 4563.448 Thread 0x000000005b88c000 DEOPT PACKING pc=0x00000000046f8c3f sp=0x000000005a68ce10
Event: 4563.448 Thread 0x000000005b88c000 DEOPT UNPACKING pc=0x00000000026975bf sp=0x000000005a68cbc8 mode 0
Event: 4563.470 Thread 0x000000005e8d2800 Thread added: 0x000000005e8d2800


Dynamic libraries:
0x000000013f140000 - 0x000000013f171000 	C:\Program Files\Android\Android Studio\jre\bin\java.exe
0x0000000076e80000 - 0x0000000077029000 	C:\Windows\SYSTEM32\ntdll.dll
0x0000000076d60000 - 0x0000000076e7f000 	C:\Windows\system32\kernel32.dll
0x000007fefcdd0000 - 0x000007fefce3b000 	C:\Windows\system32\KERNELBASE.dll
0x000007feff080000 - 0x000007feff15b000 	C:\Windows\system32\ADVAPI32.dll
0x000007fefdfc0000 - 0x000007fefe05f000 	C:\Windows\system32\msvcrt.dll
0x000007fefdd20000 - 0x000007fefdd3f000 	C:\Windows\SYSTEM32\sechost.dll
0x000007fefe1c0000 - 0x000007fefe2ed000 	C:\Windows\system32\RPCRT4.dll
0x0000000076c60000 - 0x0000000076d5a000 	C:\Windows\system32\USER32.dll
0x000007fefd6e0000 - 0x000007fefd747000 	C:\Windows\system32\GDI32.dll
0x000007fefdab0000 - 0x000007fefdabe000 	C:\Windows\system32\LPK.dll
0x000007fefe0f0000 - 0x000007fefe1b9000 	C:\Windows\system32\USP10.dll
0x000007fefb1f0000 - 0x000007fefb3e4000 	C:\Windows\WinSxS\amd64_microsoft.windows.common-controls_6595b64144ccf1df_6.0.7601.17514_none_fa396087175ac9ac\COMCTL32.dll
0x000007fefdc00000 - 0x000007fefdc71000 	C:\Windows\system32\SHLWAPI.dll
0x000007feff160000 - 0x000007feff18e000 	C:\Windows\system32\IMM32.DLL
0x000007fefd9a0000 - 0x000007fefdaa9000 	C:\Windows\system32\MSCTF.dll
0x000000006f490000 - 0x000000006f562000 	C:\Program Files\Android\Android Studio\jre\jre\bin\msvcr100.dll
0x0000000064b30000 - 0x000000006536e000 	C:\Program Files\Android\Android Studio\jre\jre\bin\server\jvm.dll
0x000007fefa180000 - 0x000007fefa189000 	C:\Windows\system32\WSOCK32.dll
0x000007fefd480000 - 0x000007fefd4cd000 	C:\Windows\system32\WS2_32.dll
0x000007fefe060000 - 0x000007fefe068000 	C:\Windows\system32\NSI.dll
0x000007fefaaa0000 - 0x000007fefaadb000 	C:\Windows\system32\WINMM.dll
0x000007fefbdc0000 - 0x000007fefbdcc000 	C:\Windows\system32\VERSION.dll
0x0000000077040000 - 0x0000000077047000 	C:\Windows\system32\PSAPI.DLL
0x000007fef9230000 - 0x000007fef923f000 	C:\Program Files\Android\Android Studio\jre\jre\bin\verify.dll
0x000007feea8a0000 - 0x000007feea8c9000 	C:\Program Files\Android\Android Studio\jre\jre\bin\java.dll
0x000007feeb8e0000 - 0x000007feeb8f6000 	C:\Program Files\Android\Android Studio\jre\jre\bin\zip.dll
0x000007fefe2f0000 - 0x000007feff079000 	C:\Windows\system32\SHELL32.dll
0x000007fefd4d0000 - 0x000007fefd6d3000 	C:\Windows\system32\ole32.dll
0x000007fefcc60000 - 0x000007fefcc6f000 	C:\Windows\system32\profapi.dll
0x000007feebb60000 - 0x000007feebb7a000 	C:\Program Files\Android\Android Studio\jre\jre\bin\net.dll
0x000007fefc4d0000 - 0x000007fefc525000 	C:\Windows\system32\mswsock.dll
0x000007fefc4c0000 - 0x000007fefc4c7000 	C:\Windows\System32\wship6.dll
0x000007fee7420000 - 0x000007fee7431000 	C:\Program Files\Android\Android Studio\jre\jre\bin\nio.dll
0x000007feeac00000 - 0x000007feeac1e000 	C:\Users\Tarikul\.gradle\native\25\windows-amd64\native-platform.dll
0x000007fef9220000 - 0x000007fef922d000 	C:\Program Files\Android\Android Studio\jre\jre\bin\management.dll
0x000007fefc530000 - 0x000007fefc547000 	C:\Windows\system32\CRYPTSP.dll
0x000007fefc210000 - 0x000007fefc257000 	C:\Windows\system32\rsaenh.dll
0x000007fefc300000 - 0x000007fefc31e000 	C:\Windows\system32\USERENV.dll
0x000007fefcb90000 - 0x000007fefcb9f000 	C:\Windows\system32\CRYPTBASE.dll
0x000007fef9f80000 - 0x000007fef9fa7000 	C:\Windows\system32\IPHLPAPI.DLL
0x000007fef9f70000 - 0x000007fef9f7b000 	C:\Windows\system32\WINNSI.DLL
0x000007fef9e90000 - 0x000007fef9ea1000 	C:\Windows\system32\dhcpcsvc6.DLL
0x000007fef9e30000 - 0x000007fef9e48000 	C:\Windows\system32\dhcpcsvc.DLL
0x000007fefcb30000 - 0x000007fefcb87000 	C:\Windows\system32\apphelp.dll
0x000007fee14b0000 - 0x000007fee1645000 	C:\Program Files\Android\Android Studio\jre\jre\bin\awt.dll
0x000007fefdb20000 - 0x000007fefdbf7000 	C:\Windows\system32\OLEAUT32.dll
0x000007fee10e0000 - 0x000007fee14a4000 	C:\Windows\system32\d2d1.dll
0x000007fefa9a0000 - 0x000007fefa9b8000 	C:\Windows\system32\DWMAPI.DLL
0x000007feeaee0000 - 0x000007feeaf04000 	C:\Program Files\Android\Android Studio\jre\jre\bin\sunec.dll
0x000007fefbe90000 - 0x000007fefbe97000 	C:\Windows\System32\wshtcpip.dll
0x000007fefc350000 - 0x000007fefc3ab000 	C:\Windows\system32\DNSAPI.dll
0x000007fef8f20000 - 0x000007fef8f28000 	C:\Windows\system32\rasadhlp.dll
0x000007fef9dd0000 - 0x000007fef9e23000 	C:\Windows\System32\fwpuclnt.dll
0x000007feeac20000 - 0x000007feeac2b000 	C:\Program Files\Android\Android Studio\jre\jre\bin\sunmscapi.dll
0x000007fefce40000 - 0x000007fefcfaa000 	C:\Windows\system32\CRYPT32.dll
0x000007fefcd00000 - 0x000007fefcd0f000 	C:\Windows\system32\MSASN1.dll
0x000007fefa1a0000 - 0x000007fefa2c5000 	C:\Windows\system32\dbghelp.dll

VM Arguments:
jvm_args: -Xmx1024m -Dfile.encoding=windows-1252 -Duser.country=US -Duser.language=en -Duser.variant 
java_command: org.gradle.launcher.daemon.bootstrap.GradleDaemon 4.1
java_class_path (initial): C:\Users\Tarikul\.gradle\wrapper\dists\gradle-4.1-all\bzyivzo6n839fup2jbap0tjew\gradle-4.1\lib\gradle-launcher-4.1.jar
Launcher Type: SUN_STANDARD

Environment Variables:
PATH=C:\app\dba\product\12.1.0\dbhome_1\bin;C:\ProgramData\Oracle\Java\javapath;C:\Windows\system32;C:\Windows;C:\Windows\System32\Wbem;C:\Windows\System32\WindowsPowerShell\v1.0;C:\app\dba\instantclient_11_2;C:\app\dba\product\12.1.0\dbhome_1;C:\adb;C:\Program Files\nodejs\;C:\app\dba\product\12.1.0\dbhome_1\bin;C:\ProgramData\Oracle\Java\javapath;C:\Windows\system32;C:\Windows;C:\Windows\System32\Wbem;C:\Windows\System32\WindowsPowerShell\v1.0;C:\app\dba\instantclient_11_2;C:\app\dba\product\12.1.0\dbhome_1;C:\Users\Tarikul\AppData\Local\Programs\Git\cmd;C:\Users\Tarikul\AppData\Roaming\npm
USERNAME=Tarikul
OS=Windows_NT
PROCESSOR_IDENTIFIER=Intel64 Family 6 Model 61 Stepping 4, GenuineIntel



---------------  S Y S T E M  ---------------

OS: Windows 7 , 64 bit Build 7601 (6.1.7601.18015)

CPU:total 4 (initial active 4) (2 cores per cpu, 2 threads per core) family 6 model 61 stepping 4, cmov, cx8, fxsr, mmx, sse, sse2, sse3, ssse3, sse4.1, sse4.2, popcnt, avx, avx2, aes, clmul, erms, 3dnowpref, lzcnt, ht, tsc, tscinvbit, bmi1, bmi2, adx

Memory: 4k page, physical 16695988k(10355592k free), swap 33390120k(26773272k free)

vm_info: OpenJDK 64-Bit Server VM (25.152-b01) for windows-amd64 JRE (1.8.0_152-release-915-b01), built by "builder" with MS VC++ 10.0 (VS2010)

time: Mon Jul 09 12:04:17 2018
elapsed time: 4563 seconds (0d 1h 16m 3s)

